<?xml version="1.0" encoding="UTF-8"?>
<testng-results ignored="0" total="8" passed="8" failed="0" skipped="0">
  <reporter-output>
  </reporter-output>
  <suite started-at="2023-09-14T08:27:56 IDT" name="Command line suite" finished-at="2023-09-14T08:28:04 IDT" duration-ms="7834">
    <groups>
    </groups>
    <test started-at="2023-09-14T08:27:56 IDT" name="Command line test" finished-at="2023-09-14T08:28:04 IDT" duration-ms="7834">
      <class name="apiTests.WhoAmITest">
        <test-method signature="testWhoAmI()[pri:0, instance:apiTests.WhoAmITest@71bbf57e]" started-at="2023-09-14T08:28:01 IDT" name="testWhoAmI" finished-at="2023-09-14T08:28:03 IDT" duration-ms="1524" status="PASS">
          <reporter-output>
          </reporter-output>
        </test-method> <!-- testWhoAmI -->
        <test-method is-config="true" signature="setup()[pri:0, instance:apiTests.WhoAmITest@71bbf57e]" started-at="2023-09-14T08:28:01 IDT" name="setup" finished-at="2023-09-14T08:28:01 IDT" duration-ms="0" status="PASS">
          <reporter-output>
          </reporter-output>
        </test-method> <!-- setup -->
        <test-method signature="testWhoAmIWithInvalidToken()[pri:0, instance:apiTests.WhoAmITest@71bbf57e]" started-at="2023-09-14T08:28:03 IDT" name="testWhoAmIWithInvalidToken" finished-at="2023-09-14T08:28:04 IDT" duration-ms="693" status="PASS">
          <reporter-output>
          </reporter-output>
        </test-method> <!-- testWhoAmIWithInvalidToken -->
        <test-method signature="testWhoAmIWithoutToken()[pri:0, instance:apiTests.WhoAmITest@71bbf57e]" started-at="2023-09-14T08:28:04 IDT" name="testWhoAmIWithoutToken" finished-at="2023-09-14T08:28:04 IDT" duration-ms="632" status="PASS">
          <reporter-output>
          </reporter-output>
        </test-method> <!-- testWhoAmIWithoutToken -->
      </class> <!-- apiTests.WhoAmITest -->
      <class name="apiTests.LoginTest">
        <test-method is-config="true" signature="setup()[pri:0, instance:apiTests.LoginTest@76707e36]" started-at="2023-09-14T08:27:56 IDT" name="setup" finished-at="2023-09-14T08:27:56 IDT" duration-ms="16" status="PASS">
          <reporter-output>
          </reporter-output>
        </test-method> <!-- setup -->
        <test-method signature="testInvalidEmailLogin()[pri:0, instance:apiTests.LoginTest@76707e36]" started-at="2023-09-14T08:27:56 IDT" name="testInvalidEmailLogin" finished-at="2023-09-14T08:27:59 IDT" duration-ms="2814" status="PASS">
          <reporter-output>
          </reporter-output>
        </test-method> <!-- testInvalidEmailLogin -->
        <test-method signature="testInvalidPasswordLogin()[pri:0, instance:apiTests.LoginTest@76707e36]" started-at="2023-09-14T08:27:59 IDT" name="testInvalidPasswordLogin" finished-at="2023-09-14T08:28:00 IDT" duration-ms="509" status="PASS">
          <reporter-output>
          </reporter-output>
        </test-method> <!-- testInvalidPasswordLogin -->
        <test-method signature="testLoginContentType()[pri:0, instance:apiTests.LoginTest@76707e36]" started-at="2023-09-14T08:28:00 IDT" name="testLoginContentType" finished-at="2023-09-14T08:28:00 IDT" duration-ms="506" status="PASS">
          <reporter-output>
          </reporter-output>
        </test-method> <!-- testLoginContentType -->
        <test-method signature="testLoginResponseTime()[pri:0, instance:apiTests.LoginTest@76707e36]" started-at="2023-09-14T08:28:00 IDT" name="testLoginResponseTime" finished-at="2023-09-14T08:28:01 IDT" duration-ms="544" status="PASS">
          <reporter-output>
          </reporter-output>
        </test-method> <!-- testLoginResponseTime -->
        <test-method signature="testSuccessfulLogin()[pri:0, instance:apiTests.LoginTest@76707e36]" started-at="2023-09-14T08:28:01 IDT" name="testSuccessfulLogin" finished-at="2023-09-14T08:28:01 IDT" duration-ms="551" status="PASS">
          <reporter-output>
          </reporter-output>
        </test-method> <!-- testSuccessfulLogin -->
      </class> <!-- apiTests.LoginTest -->
    </test> <!-- Command line test -->
  </suite> <!-- Command line suite -->
</testng-results>
