<?xml version="1.0" encoding="UTF-8"?>
<testng-results ignored="0" total="8" passed="8" failed="0" skipped="0">
  <reporter-output>
  </reporter-output>
  <suite started-at="2023-09-14T08:08:16 IDT" name="Command line suite" finished-at="2023-09-14T08:08:23 IDT" duration-ms="6674">
    <groups>
    </groups>
    <test started-at="2023-09-14T08:08:16 IDT" name="Command line test" finished-at="2023-09-14T08:08:23 IDT" duration-ms="6674">
      <class name="apiTests.WhoAmITest">
        <test-method signature="testWhoAmI()[pri:0, instance:apiTests.WhoAmITest@71bbf57e]" started-at="2023-09-14T08:08:20 IDT" name="testWhoAmI" finished-at="2023-09-14T08:08:22 IDT" duration-ms="1354" status="PASS">
          <reporter-output>
          </reporter-output>
        </test-method> <!-- testWhoAmI -->
        <test-method is-config="true" signature="setup()[pri:0, instance:apiTests.WhoAmITest@71bbf57e]" started-at="2023-09-14T08:08:20 IDT" name="setup" finished-at="2023-09-14T08:08:20 IDT" duration-ms="0" status="PASS">
          <reporter-output>
          </reporter-output>
        </test-method> <!-- setup -->
        <test-method signature="testWhoAmIWithInvalidToken()[pri:0, instance:apiTests.WhoAmITest@71bbf57e]" started-at="2023-09-14T08:08:22 IDT" name="testWhoAmIWithInvalidToken" finished-at="2023-09-14T08:08:22 IDT" duration-ms="845" status="PASS">
          <reporter-output>
          </reporter-output>
        </test-method> <!-- testWhoAmIWithInvalidToken -->
        <test-method signature="testWhoAmIWithoutToken()[pri:0, instance:apiTests.WhoAmITest@71bbf57e]" started-at="2023-09-14T08:08:22 IDT" name="testWhoAmIWithoutToken" finished-at="2023-09-14T08:08:23 IDT" duration-ms="749" status="PASS">
          <reporter-output>
          </reporter-output>
        </test-method> <!-- testWhoAmIWithoutToken -->
      </class> <!-- apiTests.WhoAmITest -->
      <class name="apiTests.LoginTest">
        <test-method is-config="true" signature="setup()[pri:0, instance:apiTests.LoginTest@76707e36]" started-at="2023-09-14T08:08:16 IDT" name="setup" finished-at="2023-09-14T08:08:16 IDT" duration-ms="10" status="PASS">
          <reporter-output>
          </reporter-output>
        </test-method> <!-- setup -->
        <test-method signature="testInvalidEmailLogin()[pri:0, instance:apiTests.LoginTest@76707e36]" started-at="2023-09-14T08:08:16 IDT" name="testInvalidEmailLogin" finished-at="2023-09-14T08:08:18 IDT" duration-ms="1581" status="PASS">
          <reporter-output>
          </reporter-output>
        </test-method> <!-- testInvalidEmailLogin -->
        <test-method signature="testInvalidPasswordLogin()[pri:0, instance:apiTests.LoginTest@76707e36]" started-at="2023-09-14T08:08:18 IDT" name="testInvalidPasswordLogin" finished-at="2023-09-14T08:08:19 IDT" duration-ms="521" status="PASS">
          <reporter-output>
          </reporter-output>
        </test-method> <!-- testInvalidPasswordLogin -->
        <test-method signature="testLoginContentType()[pri:0, instance:apiTests.LoginTest@76707e36]" started-at="2023-09-14T08:08:19 IDT" name="testLoginContentType" finished-at="2023-09-14T08:08:19 IDT" duration-ms="520" status="PASS">
          <reporter-output>
          </reporter-output>
        </test-method> <!-- testLoginContentType -->
        <test-method signature="testLoginResponseTime()[pri:0, instance:apiTests.LoginTest@76707e36]" started-at="2023-09-14T08:08:19 IDT" name="testLoginResponseTime" finished-at="2023-09-14T08:08:20 IDT" duration-ms="530" status="PASS">
          <reporter-output>
          </reporter-output>
        </test-method> <!-- testLoginResponseTime -->
        <test-method signature="testSuccessfulLogin()[pri:0, instance:apiTests.LoginTest@76707e36]" started-at="2023-09-14T08:08:20 IDT" name="testSuccessfulLogin" finished-at="2023-09-14T08:08:20 IDT" duration-ms="528" status="PASS">
          <reporter-output>
          </reporter-output>
        </test-method> <!-- testSuccessfulLogin -->
      </class> <!-- apiTests.LoginTest -->
    </test> <!-- Command line test -->
  </suite> <!-- Command line suite -->
</testng-results>
