<?xml version="1.0" encoding="UTF-8"?>
<!-- Generated by org.testng.reporters.JUnitXMLReporter -->
<testsuite ignored="0" hostname="User-PC" failures="0" tests="8" name="Command line test" time="7.834" errors="0" timestamp="2023-09-14T08:28:04 IDT">
  <testcase classname="apiTests.LoginTest" name="testInvalidEmailLogin" time="2.814"/>
  <testcase classname="apiTests.LoginTest" name="testInvalidPasswordLogin" time="0.509"/>
  <testcase classname="apiTests.LoginTest" name="testLoginContentType" time="0.506"/>
  <testcase classname="apiTests.LoginTest" name="testLoginResponseTime" time="0.544"/>
  <testcase classname="apiTests.LoginTest" name="testSuccessfulLogin" time="0.551"/>
  <testcase classname="apiTests.WhoAmITest" name="testWhoAmI" time="1.524"/>
  <testcase classname="apiTests.WhoAmITest" name="testWhoAmIWithInvalidToken" time="0.693"/>
  <testcase classname="apiTests.WhoAmITest" name="testWhoAmIWithoutToken" time="0.632"/>
</testsuite> <!-- Command line test -->
