<?xml version="1.0" encoding="UTF-8"?>
<!-- Generated by org.testng.reporters.JUnitXMLReporter -->
<testsuite ignored="0" hostname="User-PC" failures="0" tests="8" name="Command line test" time="6.674" errors="0" timestamp="2023-09-14T08:08:23 IDT">
  <testcase classname="apiTests.LoginTest" name="testInvalidEmailLogin" time="1.581"/>
  <testcase classname="apiTests.LoginTest" name="testInvalidPasswordLogin" time="0.521"/>
  <testcase classname="apiTests.LoginTest" name="testLoginContentType" time="0.52"/>
  <testcase classname="apiTests.LoginTest" name="testLoginResponseTime" time="0.53"/>
  <testcase classname="apiTests.LoginTest" name="testSuccessfulLogin" time="0.528"/>
  <testcase classname="apiTests.WhoAmITest" name="testWhoAmI" time="1.354"/>
  <testcase classname="apiTests.WhoAmITest" name="testWhoAmIWithInvalidToken" time="0.845"/>
  <testcase classname="apiTests.WhoAmITest" name="testWhoAmIWithoutToken" time="0.749"/>
</testsuite> <!-- Command line test -->
